"/usr/bin/gcc -o conftest -I/usr/include/x86_64-linux-gnu/ruby-2.3.0 -I/usr/include/ruby-2.3.0/ruby/backward -I/usr/include/ruby-2.3.0 -I. -Wdate-time -D_FORTIFY_SOURCE=2   -g -O2 -fdebug-prefix-map=/build/ruby2.3-qhROUF/ruby2.3-2.3.8=. -fstack-protector-strong -Wformat -Werror=format-security -fPIC conftest.c  -L. -L/usr/lib/x86_64-linux-gnu -L. -Wl,-Bsymbolic-functions -Wl,-z,relro -L/build/ruby2.3-qhROUF/ruby2.3-2.3.8/debian/lib -fstack-protector -rdynamic -Wl,-export-dynamic     -lruby-2.3  -lpthread -lgmp -ldl -lcrypt -lm   -lc"
checked program was:
/* begin */
1: #include "ruby.h"
2: 
3: int main(int argc, char **argv)
4: {
5:   return 0;
6: }
/* end */

package configuration for openssl is not found
have_library: checking for main() in -lcrypto... -------------------- no

"/usr/bin/gcc -o conftest -I/usr/include/x86_64-linux-gnu/ruby-2.3.0 -I/usr/include/ruby-2.3.0/ruby/backward -I/usr/include/ruby-2.3.0 -I. -Wdate-time -D_FORTIFY_SOURCE=2   -g -O2 -fdebug-prefix-map=/build/ruby2.3-qhROUF/ruby2.3-2.3.8=. -fstack-protector-strong -Wformat -Werror=format-security -fPIC conftest.c  -L. -L/usr/lib/x86_64-linux-gnu -L. -Wl,-Bsymbolic-functions -Wl,-z,relro -L/build/ruby2.3-qhROUF/ruby2.3-2.3.8/debian/lib -fstack-protector -rdynamic -Wl,-export-dynamic     -lruby-2.3  -lcrypto -lpthread -lgmp -ldl -lcrypt -lm   -lc"
/usr/bin/ld: cannot find -lcrypto
collect2: error: ld returned 1 exit status
checked program was:
/* begin */
 1: #include "ruby.h"
 2: 
 3: /*top*/
 4: extern int t(void);
 5: int main(int argc, char **argv)
 6: {
 7:   if (argc > 1000000) {
 8:     printf("%p", &t);
 9:   }
10: 
11:   return 0;
12: }
13: int t(void) { void ((*volatile p)()); p = (void ((*)()))main; return !p; }
/* end */

"/usr/bin/gcc -o conftest -I/usr/include/x86_64-linux-gnu/ruby-2.3.0 -I/usr/include/ruby-2.3.0/ruby/backward -I/usr/include/ruby-2.3.0 -I. -Wdate-time -D_FORTIFY_SOURCE=2   -g -O2 -fdebug-prefix-map=/build/ruby2.3-qhROUF/ruby2.3-2.3.8=. -fstack-protector-strong -Wformat -Werror=format-security -fPIC conftest.c  -L. -L/usr/lib/x86_64-linux-gnu -L. -Wl,-Bsymbolic-functions -Wl,-z,relro -L/build/ruby2.3-qhROUF/ruby2.3-2.3.8/debian/lib -fstack-protector -rdynamic -Wl,-export-dynamic     -lruby-2.3  -lcrypto -lpthread -lgmp -ldl -lcrypt -lm   -lc"
conftest.c:13:13: error: conflicting types for ‘main’
 extern void main();
             ^~~~
conftest.c:5:5: note: previous definition of ‘main’ was here
 int main(int argc, char **argv)
     ^~~~
checked program was:
/* begin */
 1: #include "ruby.h"
 2: 
 3: /*top*/
 4: extern int t(void);
 5: int main(int argc, char **argv)
 6: {
 7:   if (argc > 1000000) {
 8:     printf("%p", &t);
 9:   }
10: 
11:   return 0;
12: }
13: extern void main();
14: int t(void) { main(); return 0; }
/* end */

--------------------

have_header: checking for openssl/ssl.h... -------------------- no

"/usr/bin/gcc -E -I/usr/include/x86_64-linux-gnu/ruby-2.3.0 -I/usr/include/ruby-2.3.0/ruby/backward -I/usr/include/ruby-2.3.0 -I. -Wdate-time -D_FORTIFY_SOURCE=2   -g -O2 -fdebug-prefix-map=/build/ruby2.3-qhROUF/ruby2.3-2.3.8=. -fstack-protector-strong -Wformat -Werror=format-security -fPIC  conftest.c -o conftest.i"
conftest.c:3:10: fatal error: openssl/ssl.h: No such file or directory
 #include <openssl/ssl.h>
          ^~~~~~~~~~~~~~~
compilation terminated.
checked program was:
/* begin */
1: #include "ruby.h"
2: 
3: #include <openssl/ssl.h>
/* end */

--------------------

have_library: checking for main() in -lcrypto... -------------------- no

"/usr/bin/gcc -o conftest -I/usr/include/x86_64-linux-gnu/ruby-2.3.0 -I/usr/include/ruby-2.3.0/ruby/backward -I/usr/include/ruby-2.3.0 -I. -I/usr/local/include -Wdate-time -D_FORTIFY_SOURCE=2   -g -O2 -fdebug-prefix-map=/build/ruby2.3-qhROUF/ruby2.3-2.3.8=. -fstack-protector-strong -Wformat -Werror=format-security -fPIC conftest.c  -L. -L/usr/lib/x86_64-linux-gnu -L/usr/local/lib -L. -Wl,-Bsymbolic-functions -Wl,-z,relro -L/build/ruby2.3-qhROUF/ruby2.3-2.3.8/debian/lib -fstack-protector -rdynamic -Wl,-export-dynamic     -lruby-2.3  -lcrypto -lpthread -lgmp -ldl -lcrypt -lm   -lc"
/usr/bin/ld: cannot find -lcrypto
collect2: error: ld returned 1 exit status
checked program was:
/* begin */
 1: #include "ruby.h"
 2: 
 3: /*top*/
 4: extern int t(void);
 5: int main(int argc, char **argv)
 6: {
 7:   if (argc > 1000000) {
 8:     printf("%p", &t);
 9:   }
10: 
11:   return 0;
12: }
13: int t(void) { void ((*volatile p)()); p = (void ((*)()))main; return !p; }
/* end */

"/usr/bin/gcc -o conftest -I/usr/include/x86_64-linux-gnu/ruby-2.3.0 -I/usr/include/ruby-2.3.0/ruby/backward -I/usr/include/ruby-2.3.0 -I. -I/usr/local/include -Wdate-time -D_FORTIFY_SOURCE=2   -g -O2 -fdebug-prefix-map=/build/ruby2.3-qhROUF/ruby2.3-2.3.8=. -fstack-protector-strong -Wformat -Werror=format-security -fPIC conftest.c  -L. -L/usr/lib/x86_64-linux-gnu -L/usr/local/lib -L. -Wl,-Bsymbolic-functions -Wl,-z,relro -L/build/ruby2.3-qhROUF/ruby2.3-2.3.8/debian/lib -fstack-protector -rdynamic -Wl,-export-dynamic     -lruby-2.3  -lcrypto -lpthread -lgmp -ldl -lcrypt -lm   -lc"
conftest.c:13:13: error: conflicting types for ‘main’
 extern void main();
             ^~~~
conftest.c:5:5: note: previous definition of ‘main’ was here
 int main(int argc, char **argv)
     ^~~~
checked program was:
/* begin */
 1: #include "ruby.h"
 2: 
 3: /*top*/
 4: extern int t(void);
 5: int main(int argc, char **argv)
 6: {
 7:   if (argc > 1000000) {
 8:     printf("%p", &t);
 9:   }
10: 
11:   return 0;
12: }
13: extern void main();
14: int t(void) { main(); return 0; }
/* end */

--------------------

have_header: checking for openssl/ssl.h... -------------------- no

"/usr/bin/gcc -E -I/usr/include/x86_64-linux-gnu/ruby-2.3.0 -I/usr/include/ruby-2.3.0/ruby/backward -I/usr/include/ruby-2.3.0 -I. -I/usr/local/include -Wdate-time -D_FORTIFY_SOURCE=2   -g -O2 -fdebug-prefix-map=/build/ruby2.3-qhROUF/ruby2.3-2.3.8=. -fstack-protector-strong -Wformat -Werror=format-security -fPIC  conftest.c -o conftest.i"
conftest.c:3:10: fatal error: openssl/ssl.h: No such file or directory
 #include <openssl/ssl.h>
          ^~~~~~~~~~~~~~~
compilation terminated.
checked program was:
/* begin */
1: #include "ruby.h"
2: 
3: #include <openssl/ssl.h>
/* end */

--------------------

have_library: checking for main() in -lcrypto... -------------------- no

"/usr/bin/gcc -o conftest -I/usr/include/x86_64-linux-gnu/ruby-2.3.0 -I/usr/include/ruby-2.3.0/ruby/backward -I/usr/include/ruby-2.3.0 -I. -I/opt/local/include -I/usr/local/include -Wdate-time -D_FORTIFY_SOURCE=2   -g -O2 -fdebug-prefix-map=/build/ruby2.3-qhROUF/ruby2.3-2.3.8=. -fstack-protector-strong -Wformat -Werror=format-security -fPIC conftest.c  -L. -L/usr/lib/x86_64-linux-gnu -L/opt/local/lib -L/usr/local/lib -L. -Wl,-Bsymbolic-functions -Wl,-z,relro -L/build/ruby2.3-qhROUF/ruby2.3-2.3.8/debian/lib -fstack-protector -rdynamic -Wl,-export-dynamic     -lruby-2.3  -lcrypto -lpthread -lgmp -ldl -lcrypt -lm   -lc"
/usr/bin/ld: cannot find -lcrypto
collect2: error: ld returned 1 exit status
checked program was:
/* begin */
 1: #include "ruby.h"
 2: 
 3: /*top*/
 4: extern int t(void);
 5: int main(int argc, char **argv)
 6: {
 7:   if (argc > 1000000) {
 8:     printf("%p", &t);
 9:   }
10: 
11:   return 0;
12: }
13: int t(void) { void ((*volatile p)()); p = (void ((*)()))main; return !p; }
/* end */

"/usr/bin/gcc -o conftest -I/usr/include/x86_64-linux-gnu/ruby-2.3.0 -I/usr/include/ruby-2.3.0/ruby/backward -I/usr/include/ruby-2.3.0 -I. -I/opt/local/include -I/usr/local/include -Wdate-time -D_FORTIFY_SOURCE=2   -g -O2 -fdebug-prefix-map=/build/ruby2.3-qhROUF/ruby2.3-2.3.8=. -fstack-protector-strong -Wformat -Werror=format-security -fPIC conftest.c  -L. -L/usr/lib/x86_64-linux-gnu -L/opt/local/lib -L/usr/local/lib -L. -Wl,-Bsymbolic-functions -Wl,-z,relro -L/build/ruby2.3-qhROUF/ruby2.3-2.3.8/debian/lib -fstack-protector -rdynamic -Wl,-export-dynamic     -lruby-2.3  -lcrypto -lpthread -lgmp -ldl -lcrypt -lm   -lc"
conftest.c:13:13: error: conflicting types for ‘main’
 extern void main();
             ^~~~
conftest.c:5:5: note: previous definition of ‘main’ was here
 int main(int argc, char **argv)
     ^~~~
checked program was:
/* begin */
 1: #include "ruby.h"
 2: 
 3: /*top*/
 4: extern int t(void);
 5: int main(int argc, char **argv)
 6: {
 7:   if (argc > 1000000) {
 8:     printf("%p", &t);
 9:   }
10: 
11:   return 0;
12: }
13: extern void main();
14: int t(void) { main(); return 0; }
/* end */

--------------------

have_header: checking for openssl/ssl.h... -------------------- no

"/usr/bin/gcc -E -I/usr/include/x86_64-linux-gnu/ruby-2.3.0 -I/usr/include/ruby-2.3.0/ruby/backward -I/usr/include/ruby-2.3.0 -I. -I/opt/local/include -I/usr/local/include -Wdate-time -D_FORTIFY_SOURCE=2   -g -O2 -fdebug-prefix-map=/build/ruby2.3-qhROUF/ruby2.3-2.3.8=. -fstack-protector-strong -Wformat -Werror=format-security -fPIC  conftest.c -o conftest.i"
conftest.c:3:10: fatal error: openssl/ssl.h: No such file or directory
 #include <openssl/ssl.h>
          ^~~~~~~~~~~~~~~
compilation terminated.
checked program was:
/* begin */
1: #include "ruby.h"
2: 
3: #include <openssl/ssl.h>
/* end */

--------------------

have_library: checking for main() in -lcrypto... -------------------- no

"/usr/bin/gcc -o conftest -I/usr/include/x86_64-linux-gnu/ruby-2.3.0 -I/usr/include/ruby-2.3.0/ruby/backward -I/usr/include/ruby-2.3.0 -I. -I/usr/local/opt/openssl/include -I/opt/local/include -I/usr/local/include -Wdate-time -D_FORTIFY_SOURCE=2   -g -O2 -fdebug-prefix-map=/build/ruby2.3-qhROUF/ruby2.3-2.3.8=. -fstack-protector-strong -Wformat -Werror=format-security -fPIC conftest.c  -L. -L/usr/lib/x86_64-linux-gnu -L/usr/local/opt/openssl/lib -L/opt/local/lib -L/usr/local/lib -L. -Wl,-Bsymbolic-functions -Wl,-z,relro -L/build/ruby2.3-qhROUF/ruby2.3-2.3.8/debian/lib -fstack-protector -rdynamic -Wl,-export-dynamic     -lruby-2.3  -lcrypto -lpthread -lgmp -ldl -lcrypt -lm   -lc"
/usr/bin/ld: cannot find -lcrypto
collect2: error: ld returned 1 exit status
checked program was:
/* begin */
 1: #include "ruby.h"
 2: 
 3: /*top*/
 4: extern int t(void);
 5: int main(int argc, char **argv)
 6: {
 7:   if (argc > 1000000) {
 8:     printf("%p", &t);
 9:   }
10: 
11:   return 0;
12: }
13: int t(void) { void ((*volatile p)()); p = (void ((*)()))main; return !p; }
/* end */

"/usr/bin/gcc -o conftest -I/usr/include/x86_64-linux-gnu/ruby-2.3.0 -I/usr/include/ruby-2.3.0/ruby/backward -I/usr/include/ruby-2.3.0 -I. -I/usr/local/opt/openssl/include -I/opt/local/include -I/usr/local/include -Wdate-time -D_FORTIFY_SOURCE=2   -g -O2 -fdebug-prefix-map=/build/ruby2.3-qhROUF/ruby2.3-2.3.8=. -fstack-protector-strong -Wformat -Werror=format-security -fPIC conftest.c  -L. -L/usr/lib/x86_64-linux-gnu -L/usr/local/opt/openssl/lib -L/opt/local/lib -L/usr/local/lib -L. -Wl,-Bsymbolic-functions -Wl,-z,relro -L/build/ruby2.3-qhROUF/ruby2.3-2.3.8/debian/lib -fstack-protector -rdynamic -Wl,-export-dynamic     -lruby-2.3  -lcrypto -lpthread -lgmp -ldl -lcrypt -lm   -lc"
conftest.c:13:13: error: conflicting types for ‘main’
 extern void main();
             ^~~~
conftest.c:5:5: note: previous definition of ‘main’ was here
 int main(int argc, char **argv)
     ^~~~
checked program was:
/* begin */
 1: #include "ruby.h"
 2: 
 3: /*top*/
 4: extern int t(void);
 5: int main(int argc, char **argv)
 6: {
 7:   if (argc > 1000000) {
 8:     printf("%p", &t);
 9:   }
10: 
11:   return 0;
12: }
13: extern void main();
14: int t(void) { main(); return 0; }
/* end */

--------------------

have_header: checking for openssl/ssl.h... -------------------- no

"/usr/bin/gcc -E -I/usr/include/x86_64-linux-gnu/ruby-2.3.0 -I/usr/include/ruby-2.3.0/ruby/backward -I/usr/include/ruby-2.3.0 -I. -I/usr/local/opt/openssl/include -I/opt/local/include -I/usr/local/include -Wdate-time -D_FORTIFY_SOURCE=2   -g -O2 -fdebug-prefix-map=/build/ruby2.3-qhROUF/ruby2.3-2.3.8=. -fstack-protector-strong -Wformat -Werror=format-security -fPIC  conftest.c -o conftest.i"
conftest.c:3:10: fatal error: openssl/ssl.h: No such file or directory
 #include <openssl/ssl.h>
          ^~~~~~~~~~~~~~~
compilation terminated.
checked program was:
/* begin */
1: #include "ruby.h"
2: 
3: #include <openssl/ssl.h>
/* end */

--------------------

have_var: checking for rb_trap_immediate in ruby.h,rubysig.h... -------------------- no

"/usr/bin/gcc -I/usr/include/x86_64-linux-gnu/ruby-2.3.0 -I/usr/include/ruby-2.3.0/ruby/backward -I/usr/include/ruby-2.3.0 -I. -I/usr/local/opt/openssl/include -I/opt/local/include -I/usr/local/include -Wdate-time -D_FORTIFY_SOURCE=2   -g -O2 -fdebug-prefix-map=/build/ruby2.3-qhROUF/ruby2.3-2.3.8=. -fstack-protector-strong -Wformat -Werror=format-security -fPIC   -c conftest.c"
In file included from conftest.c:4:0:
/usr/include/ruby-2.3.0/ruby/backward/rubysig.h:14:2: warning: #warning rubysig.h is obsolete [-Wcpp]
 #warning rubysig.h is obsolete
  ^~~~~~~
conftest.c: In function ‘t’:
conftest.c:16:55: error: ‘rb_trap_immediate’ undeclared (first use in this function); did you mean ‘rb_trap_exit’?
 int t(void) { const volatile void *volatile p; p = &(&rb_trap_immediate)[0]; return !p; }
                                                       ^~~~~~~~~~~~~~~~~
                                                       rb_trap_exit
conftest.c:16:55: note: each undeclared identifier is reported only once for each function it appears in
checked program was:
/* begin */
 1: #include "ruby.h"
 2: 
 3: #include <ruby.h>
 4: #include <rubysig.h>
 5: 
 6: /*top*/
 7: extern int t(void);
 8: int main(int argc, char **argv)
 9: {
10:   if (argc > 1000000) {
11:     printf("%p", &t);
12:   }
13: 
14:   return 0;
15: }
16: int t(void) { const volatile void *volatile p; p = &(&rb_trap_immediate)[0]; return !p; }
/* end */

--------------------

have_func: checking for rb_thread_blocking_region()... -------------------- no

"/usr/bin/gcc -o conftest -I/usr/include/x86_64-linux-gnu/ruby-2.3.0 -I/usr/include/ruby-2.3.0/ruby/backward -I/usr/include/ruby-2.3.0 -I. -I/usr/local/opt/openssl/include -I/opt/local/include -I/usr/local/include -Wdate-time -D_FORTIFY_SOURCE=2   -g -O2 -fdebug-prefix-map=/build/ruby2.3-qhROUF/ruby2.3-2.3.8=. -fstack-protector-strong -Wformat -Werror=format-security -fPIC conftest.c  -L. -L/usr/lib/x86_64-linux-gnu -L/usr/local/opt/openssl/lib -L/opt/local/lib -L/usr/local/lib -L. -Wl,-Bsymbolic-functions -Wl,-z,relro -L/build/ruby2.3-qhROUF/ruby2.3-2.3.8/debian/lib -fstack-protector -rdynamic -Wl,-export-dynamic     -lruby-2.3  -lpthread -lgmp -ldl -lcrypt -lm   -lc"
conftest.c: In function ‘t’:
conftest.c:13:57: error: ‘rb_thread_blocking_region’ undeclared (first use in this function); did you mean ‘rb_thread_local_aref’?
 int t(void) { void ((*volatile p)()); p = (void ((*)()))rb_thread_blocking_region; return !p; }
                                                         ^~~~~~~~~~~~~~~~~~~~~~~~~
                                                         rb_thread_local_aref
conftest.c:13:57: note: each undeclared identifier is reported only once for each function it appears in
checked program was:
/* begin */
 1: #include "ruby.h"
 2: 
 3: /*top*/
 4: extern int t(void);
 5: int main(int argc, char **argv)
 6: {
 7:   if (argc > 1000000) {
 8:     printf("%p", &t);
 9:   }
10: 
11:   return 0;
12: }
13: int t(void) { void ((*volatile p)()); p = (void ((*)()))rb_thread_blocking_region; return !p; }
/* end */

"/usr/bin/gcc -o conftest -I/usr/include/x86_64-linux-gnu/ruby-2.3.0 -I/usr/include/ruby-2.3.0/ruby/backward -I/usr/include/ruby-2.3.0 -I. -I/usr/local/opt/openssl/include -I/opt/local/include -I/usr/local/include -Wdate-time -D_FORTIFY_SOURCE=2   -g -O2 -fdebug-prefix-map=/build/ruby2.3-qhROUF/ruby2.3-2.3.8=. -fstack-protector-strong -Wformat -Werror=format-security -fPIC conftest.c  -L. -L/usr/lib/x86_64-linux-gnu -L/usr/local/opt/openssl/lib -L/opt/local/lib -L/usr/local/lib -L. -Wl,-Bsymbolic-functions -Wl,-z,relro -L/build/ruby2.3-qhROUF/ruby2.3-2.3.8/debian/lib -fstack-protector -rdynamic -Wl,-export-dynamic     -lruby-2.3  -lpthread -lgmp -ldl -lcrypt -lm   -lc"
/tmp/ccZosbNI.o: In function `t':
/mnt/c/shkim/intelliJ/workspace/github-io-jekyll-Minimal_Mistakes/vendor/cache/ruby/2.3.0/gems/eventmachine-1.2.7/ext/conftest.c:14: undefined reference to `rb_thread_blocking_region'
collect2: error: ld returned 1 exit status
checked program was:
/* begin */
 1: #include "ruby.h"
 2: 
 3: /*top*/
 4: extern int t(void);
 5: int main(int argc, char **argv)
 6: {
 7:   if (argc > 1000000) {
 8:     printf("%p", &t);
 9:   }
10: 
11:   return 0;
12: }
13: extern void rb_thread_blocking_region();
14: int t(void) { rb_thread_blocking_region(); return 0; }
/* end */

--------------------

have_func: checking for rb_thread_call_without_gvl() in ruby/thread.h... -------------------- yes

"/usr/bin/gcc -o conftest -I/usr/include/x86_64-linux-gnu/ruby-2.3.0 -I/usr/include/ruby-2.3.0/ruby/backward -I/usr/include/ruby-2.3.0 -I. -I/usr/local/opt/openssl/include -I/opt/local/include -I/usr/local/include -Wdate-time -D_FORTIFY_SOURCE=2   -g -O2 -fdebug-prefix-map=/build/ruby2.3-qhROUF/ruby2.3-2.3.8=. -fstack-protector-strong -Wformat -Werror=format-security -fPIC conftest.c  -L. -L/usr/lib/x86_64-linux-gnu -L/usr/local/opt/openssl/lib -L/opt/local/lib -L/usr/local/lib -L. -Wl,-Bsymbolic-functions -Wl,-z,relro -L/build/ruby2.3-qhROUF/ruby2.3-2.3.8/debian/lib -fstack-protector -rdynamic -Wl,-export-dynamic     -lruby-2.3  -lpthread -lgmp -ldl -lcrypt -lm   -lc"
checked program was:
/* begin */
 1: #include "ruby.h"
 2: 
 3: #include <ruby/thread.h>
 4: 
 5: /*top*/
 6: extern int t(void);
 7: int main(int argc, char **argv)
 8: {
 9:   if (argc > 1000000) {
10:     printf("%p", &t);
11:   }
12: 
13:   return 0;
14: }
15: int t(void) { void ((*volatile p)()); p = (void ((*)()))rb_thread_call_without_gvl; return !p; }
/* end */

--------------------

have_func: checking for rb_thread_fd_select()... -------------------- yes

"/usr/bin/gcc -o conftest -I/usr/include/x86_64-linux-gnu/ruby-2.3.0 -I/usr/include/ruby-2.3.0/ruby/backward -I/usr/include/ruby-2.3.0 -I. -I/usr/local/opt/openssl/include -I/opt/local/include -I/usr/local/include -Wdate-time -D_FORTIFY_SOURCE=2   -g -O2 -fdebug-prefix-map=/build/ruby2.3-qhROUF/ruby2.3-2.3.8=. -fstack-protector-strong -Wformat -Werror=format-security -fPIC conftest.c  -L. -L/usr/lib/x86_64-linux-gnu -L/usr/local/opt/openssl/lib -L/opt/local/lib -L/usr/local/lib -L. -Wl,-Bsymbolic-functions -Wl,-z,relro -L/build/ruby2.3-qhROUF/ruby2.3-2.3.8/debian/lib -fstack-protector -rdynamic -Wl,-export-dynamic     -lruby-2.3  -lpthread -lgmp -ldl -lcrypt -lm   -lc"
checked program was:
/* begin */
 1: #include "ruby.h"
 2: 
 3: /*top*/
 4: extern int t(void);
 5: int main(int argc, char **argv)
 6: {
 7:   if (argc > 1000000) {
 8:     printf("%p", &t);
 9:   }
10: 
11:   return 0;
12: }
13: int t(void) { void ((*volatile p)()); p = (void ((*)()))rb_thread_fd_select; return !p; }
/* end */

--------------------

have_type: checking for rb_fdset_t in ruby/intern.h... -------------------- yes

"/usr/bin/gcc -I/usr/include/x86_64-linux-gnu/ruby-2.3.0 -I/usr/include/ruby-2.3.0/ruby/backward -I/usr/include/ruby-2.3.0 -I. -I/usr/local/opt/openssl/include -I/opt/local/include -I/usr/local/include -Wdate-time -D_FORTIFY_SOURCE=2   -g -O2 -fdebug-prefix-map=/build/ruby2.3-qhROUF/ruby2.3-2.3.8=. -fstack-protector-strong -Wformat -Werror=format-security -fPIC   -c conftest.c"
checked program was:
/* begin */
1: #include "ruby.h"
2: 
3: #include <ruby/intern.h>
4: 
5: /*top*/
6: typedef rb_fdset_t conftest_type;
7: int conftestval[sizeof(conftest_type)?1:-1];
/* end */

--------------------

have_func: checking for rb_wait_for_single_fd()... -------------------- yes

"/usr/bin/gcc -o conftest -I/usr/include/x86_64-linux-gnu/ruby-2.3.0 -I/usr/include/ruby-2.3.0/ruby/backward -I/usr/include/ruby-2.3.0 -I. -I/usr/local/opt/openssl/include -I/opt/local/include -I/usr/local/include -Wdate-time -D_FORTIFY_SOURCE=2   -g -O2 -fdebug-prefix-map=/build/ruby2.3-qhROUF/ruby2.3-2.3.8=. -fstack-protector-strong -Wformat -Werror=format-security -fPIC conftest.c  -L. -L/usr/lib/x86_64-linux-gnu -L/usr/local/opt/openssl/lib -L/opt/local/lib -L/usr/local/lib -L. -Wl,-Bsymbolic-functions -Wl,-z,relro -L/build/ruby2.3-qhROUF/ruby2.3-2.3.8/debian/lib -fstack-protector -rdynamic -Wl,-export-dynamic     -lruby-2.3  -lpthread -lgmp -ldl -lcrypt -lm   -lc"
conftest.c: In function ‘t’:
conftest.c:13:57: error: ‘rb_wait_for_single_fd’ undeclared (first use in this function)
 int t(void) { void ((*volatile p)()); p = (void ((*)()))rb_wait_for_single_fd; return !p; }
                                                         ^~~~~~~~~~~~~~~~~~~~~
conftest.c:13:57: note: each undeclared identifier is reported only once for each function it appears in
checked program was:
/* begin */
 1: #include "ruby.h"
 2: 
 3: /*top*/
 4: extern int t(void);
 5: int main(int argc, char **argv)
 6: {
 7:   if (argc > 1000000) {
 8:     printf("%p", &t);
 9:   }
10: 
11:   return 0;
12: }
13: int t(void) { void ((*volatile p)()); p = (void ((*)()))rb_wait_for_single_fd; return !p; }
/* end */

"/usr/bin/gcc -o conftest -I/usr/include/x86_64-linux-gnu/ruby-2.3.0 -I/usr/include/ruby-2.3.0/ruby/backward -I/usr/include/ruby-2.3.0 -I. -I/usr/local/opt/openssl/include -I/opt/local/include -I/usr/local/include -Wdate-time -D_FORTIFY_SOURCE=2   -g -O2 -fdebug-prefix-map=/build/ruby2.3-qhROUF/ruby2.3-2.3.8=. -fstack-protector-strong -Wformat -Werror=format-security -fPIC conftest.c  -L. -L/usr/lib/x86_64-linux-gnu -L/usr/local/opt/openssl/lib -L/opt/local/lib -L/usr/local/lib -L. -Wl,-Bsymbolic-functions -Wl,-z,relro -L/build/ruby2.3-qhROUF/ruby2.3-2.3.8/debian/lib -fstack-protector -rdynamic -Wl,-export-dynamic     -lruby-2.3  -lpthread -lgmp -ldl -lcrypt -lm   -lc"
checked program was:
/* begin */
 1: #include "ruby.h"
 2: 
 3: /*top*/
 4: extern int t(void);
 5: int main(int argc, char **argv)
 6: {
 7:   if (argc > 1000000) {
 8:     printf("%p", &t);
 9:   }
10: 
11:   return 0;
12: }
13: extern void rb_wait_for_single_fd();
14: int t(void) { rb_wait_for_single_fd(); return 0; }
/* end */

--------------------

have_func: checking for rb_enable_interrupt()... -------------------- no

"/usr/bin/gcc -o conftest -I/usr/include/x86_64-linux-gnu/ruby-2.3.0 -I/usr/include/ruby-2.3.0/ruby/backward -I/usr/include/ruby-2.3.0 -I. -I/usr/local/opt/openssl/include -I/opt/local/include -I/usr/local/include -Wdate-time -D_FORTIFY_SOURCE=2   -g -O2 -fdebug-prefix-map=/build/ruby2.3-qhROUF/ruby2.3-2.3.8=. -fstack-protector-strong -Wformat -Werror=format-security -fPIC conftest.c  -L. -L/usr/lib/x86_64-linux-gnu -L/usr/local/opt/openssl/lib -L/opt/local/lib -L/usr/local/lib -L. -Wl,-Bsymbolic-functions -Wl,-z,relro -L/build/ruby2.3-qhROUF/ruby2.3-2.3.8/debian/lib -fstack-protector -rdynamic -Wl,-export-dynamic     -lruby-2.3  -lpthread -lgmp -ldl -lcrypt -lm   -lc"
conftest.c: In function ‘t’:
conftest.c:13:57: error: ‘rb_enable_interrupt’ undeclared (first use in this function); did you mean ‘rb_interrupt’?
 int t(void) { void ((*volatile p)()); p = (void ((*)()))rb_enable_interrupt; return !p; }
                                                         ^~~~~~~~~~~~~~~~~~~
                                                         rb_interrupt
conftest.c:13:57: note: each undeclared identifier is reported only once for each function it appears in
checked program was:
/* begin */
 1: #include "ruby.h"
 2: 
 3: /*top*/
 4: extern int t(void);
 5: int main(int argc, char **argv)
 6: {
 7:   if (argc > 1000000) {
 8:     printf("%p", &t);
 9:   }
10: 
11:   return 0;
12: }
13: int t(void) { void ((*volatile p)()); p = (void ((*)()))rb_enable_interrupt; return !p; }
/* end */

"/usr/bin/gcc -o conftest -I/usr/include/x86_64-linux-gnu/ruby-2.3.0 -I/usr/include/ruby-2.3.0/ruby/backward -I/usr/include/ruby-2.3.0 -I. -I/usr/local/opt/openssl/include -I/opt/local/include -I/usr/local/include -Wdate-time -D_FORTIFY_SOURCE=2   -g -O2 -fdebug-prefix-map=/build/ruby2.3-qhROUF/ruby2.3-2.3.8=. -fstack-protector-strong -Wformat -Werror=format-security -fPIC conftest.c  -L. -L/usr/lib/x86_64-linux-gnu -L/usr/local/opt/openssl/lib -L/opt/local/lib -L/usr/local/lib -L. -Wl,-Bsymbolic-functions -Wl,-z,relro -L/build/ruby2.3-qhROUF/ruby2.3-2.3.8/debian/lib -fstack-protector -rdynamic -Wl,-export-dynamic     -lruby-2.3  -lpthread -lgmp -ldl -lcrypt -lm   -lc"
/tmp/cct9RkU0.o: In function `t':
/mnt/c/shkim/intelliJ/workspace/github-io-jekyll-Minimal_Mistakes/vendor/cache/ruby/2.3.0/gems/eventmachine-1.2.7/ext/conftest.c:14: undefined reference to `rb_enable_interrupt'
collect2: error: ld returned 1 exit status
checked program was:
/* begin */
 1: #include "ruby.h"
 2: 
 3: /*top*/
 4: extern int t(void);
 5: int main(int argc, char **argv)
 6: {
 7:   if (argc > 1000000) {
 8:     printf("%p", &t);
 9:   }
10: 
11:   return 0;
12: }
13: extern void rb_enable_interrupt();
14: int t(void) { rb_enable_interrupt(); return 0; }
/* end */

--------------------

have_func: checking for rb_time_new()... -------------------- yes

"/usr/bin/gcc -o conftest -I/usr/include/x86_64-linux-gnu/ruby-2.3.0 -I/usr/include/ruby-2.3.0/ruby/backward -I/usr/include/ruby-2.3.0 -I. -I/usr/local/opt/openssl/include -I/opt/local/include -I/usr/local/include -Wdate-time -D_FORTIFY_SOURCE=2   -g -O2 -fdebug-prefix-map=/build/ruby2.3-qhROUF/ruby2.3-2.3.8=. -fstack-protector-strong -Wformat -Werror=format-security -fPIC conftest.c  -L. -L/usr/lib/x86_64-linux-gnu -L/usr/local/opt/openssl/lib -L/opt/local/lib -L/usr/local/lib -L. -Wl,-Bsymbolic-functions -Wl,-z,relro -L/build/ruby2.3-qhROUF/ruby2.3-2.3.8/debian/lib -fstack-protector -rdynamic -Wl,-export-dynamic     -lruby-2.3  -lpthread -lgmp -ldl -lcrypt -lm   -lc"
checked program was:
/* begin */
 1: #include "ruby.h"
 2: 
 3: /*top*/
 4: extern int t(void);
 5: int main(int argc, char **argv)
 6: {
 7:   if (argc > 1000000) {
 8:     printf("%p", &t);
 9:   }
10: 
11:   return 0;
12: }
13: int t(void) { void ((*volatile p)()); p = (void ((*)()))rb_time_new; return !p; }
/* end */

--------------------

have_func: checking for inotify_init() in sys/inotify.h... -------------------- yes

"/usr/bin/gcc -o conftest -I/usr/include/x86_64-linux-gnu/ruby-2.3.0 -I/usr/include/ruby-2.3.0/ruby/backward -I/usr/include/ruby-2.3.0 -I. -I/usr/local/opt/openssl/include -I/opt/local/include -I/usr/local/include -Wdate-time -D_FORTIFY_SOURCE=2   -g -O2 -fdebug-prefix-map=/build/ruby2.3-qhROUF/ruby2.3-2.3.8=. -fstack-protector-strong -Wformat -Werror=format-security -fPIC conftest.c  -L. -L/usr/lib/x86_64-linux-gnu -L/usr/local/opt/openssl/lib -L/opt/local/lib -L/usr/local/lib -L. -Wl,-Bsymbolic-functions -Wl,-z,relro -L/build/ruby2.3-qhROUF/ruby2.3-2.3.8/debian/lib -fstack-protector -rdynamic -Wl,-export-dynamic     -lruby-2.3  -lpthread -lgmp -ldl -lcrypt -lm   -lc"
checked program was:
/* begin */
 1: #include "ruby.h"
 2: 
 3: #include <sys/inotify.h>
 4: 
 5: /*top*/
 6: extern int t(void);
 7: int main(int argc, char **argv)
 8: {
 9:   if (argc > 1000000) {
10:     printf("%p", &t);
11:   }
12: 
13:   return 0;
14: }
15: int t(void) { void ((*volatile p)()); p = (void ((*)()))inotify_init; return !p; }
/* end */

--------------------

have_func: checking for writev() in sys/uio.h... -------------------- yes

"/usr/bin/gcc -o conftest -I/usr/include/x86_64-linux-gnu/ruby-2.3.0 -I/usr/include/ruby-2.3.0/ruby/backward -I/usr/include/ruby-2.3.0 -I. -I/usr/local/opt/openssl/include -I/opt/local/include -I/usr/local/include -Wdate-time -D_FORTIFY_SOURCE=2   -g -O2 -fdebug-prefix-map=/build/ruby2.3-qhROUF/ruby2.3-2.3.8=. -fstack-protector-strong -Wformat -Werror=format-security -fPIC conftest.c  -L. -L/usr/lib/x86_64-linux-gnu -L/usr/local/opt/openssl/lib -L/opt/local/lib -L/usr/local/lib -L. -Wl,-Bsymbolic-functions -Wl,-z,relro -L/build/ruby2.3-qhROUF/ruby2.3-2.3.8/debian/lib -fstack-protector -rdynamic -Wl,-export-dynamic     -lruby-2.3  -lpthread -lgmp -ldl -lcrypt -lm   -lc"
checked program was:
/* begin */
 1: #include "ruby.h"
 2: 
 3: #include <sys/uio.h>
 4: 
 5: /*top*/
 6: extern int t(void);
 7: int main(int argc, char **argv)
 8: {
 9:   if (argc > 1000000) {
10:     printf("%p", &t);
11:   }
12: 
13:   return 0;
14: }
15: int t(void) { void ((*volatile p)()); p = (void ((*)()))writev; return !p; }
/* end */

--------------------

have_func: checking for pipe2() in unistd.h... -------------------- yes

"/usr/bin/gcc -o conftest -I/usr/include/x86_64-linux-gnu/ruby-2.3.0 -I/usr/include/ruby-2.3.0/ruby/backward -I/usr/include/ruby-2.3.0 -I. -I/usr/local/opt/openssl/include -I/opt/local/include -I/usr/local/include -Wdate-time -D_FORTIFY_SOURCE=2   -g -O2 -fdebug-prefix-map=/build/ruby2.3-qhROUF/ruby2.3-2.3.8=. -fstack-protector-strong -Wformat -Werror=format-security -fPIC conftest.c  -L. -L/usr/lib/x86_64-linux-gnu -L/usr/local/opt/openssl/lib -L/opt/local/lib -L/usr/local/lib -L. -Wl,-Bsymbolic-functions -Wl,-z,relro -L/build/ruby2.3-qhROUF/ruby2.3-2.3.8/debian/lib -fstack-protector -rdynamic -Wl,-export-dynamic     -lruby-2.3  -lpthread -lgmp -ldl -lcrypt -lm   -lc"
checked program was:
/* begin */
 1: #include "ruby.h"
 2: 
 3: #include <unistd.h>
 4: 
 5: /*top*/
 6: extern int t(void);
 7: int main(int argc, char **argv)
 8: {
 9:   if (argc > 1000000) {
10:     printf("%p", &t);
11:   }
12: 
13:   return 0;
14: }
15: int t(void) { void ((*volatile p)()); p = (void ((*)()))pipe2; return !p; }
/* end */

--------------------

have_func: checking for accept4() in sys/socket.h... -------------------- yes

"/usr/bin/gcc -o conftest -I/usr/include/x86_64-linux-gnu/ruby-2.3.0 -I/usr/include/ruby-2.3.0/ruby/backward -I/usr/include/ruby-2.3.0 -I. -I/usr/local/opt/openssl/include -I/opt/local/include -I/usr/local/include -Wdate-time -D_FORTIFY_SOURCE=2   -g -O2 -fdebug-prefix-map=/build/ruby2.3-qhROUF/ruby2.3-2.3.8=. -fstack-protector-strong -Wformat -Werror=format-security -fPIC conftest.c  -L. -L/usr/lib/x86_64-linux-gnu -L/usr/local/opt/openssl/lib -L/opt/local/lib -L/usr/local/lib -L. -Wl,-Bsymbolic-functions -Wl,-z,relro -L/build/ruby2.3-qhROUF/ruby2.3-2.3.8/debian/lib -fstack-protector -rdynamic -Wl,-export-dynamic     -lruby-2.3  -lpthread -lgmp -ldl -lcrypt -lm   -lc"
checked program was:
/* begin */
 1: #include "ruby.h"
 2: 
 3: #include <sys/socket.h>
 4: 
 5: /*top*/
 6: extern int t(void);
 7: int main(int argc, char **argv)
 8: {
 9:   if (argc > 1000000) {
10:     printf("%p", &t);
11:   }
12: 
13:   return 0;
14: }
15: int t(void) { void ((*volatile p)()); p = (void ((*)()))accept4; return !p; }
/* end */

--------------------

have_const: checking for SOCK_CLOEXEC in sys/socket.h... -------------------- yes

"/usr/bin/gcc -I/usr/include/x86_64-linux-gnu/ruby-2.3.0 -I/usr/include/ruby-2.3.0/ruby/backward -I/usr/include/ruby-2.3.0 -I. -I/usr/local/opt/openssl/include -I/opt/local/include -I/usr/local/include -Wdate-time -D_FORTIFY_SOURCE=2   -g -O2 -fdebug-prefix-map=/build/ruby2.3-qhROUF/ruby2.3-2.3.8=. -fstack-protector-strong -Wformat -Werror=format-security -fPIC   -c conftest.c"
checked program was:
/* begin */
1: #include "ruby.h"
2: 
3: #include <sys/socket.h>
4: 
5: /*top*/
6: typedef int conftest_type;
7: conftest_type conftestval = (int)SOCK_CLOEXEC;
/* end */

--------------------

have_header: checking for sys/event.h... -------------------- no

"/usr/bin/gcc -E -I/usr/include/x86_64-linux-gnu/ruby-2.3.0 -I/usr/include/ruby-2.3.0/ruby/backward -I/usr/include/ruby-2.3.0 -I. -I/usr/local/opt/openssl/include -I/opt/local/include -I/usr/local/include -Wdate-time -D_FORTIFY_SOURCE=2   -g -O2 -fdebug-prefix-map=/build/ruby2.3-qhROUF/ruby2.3-2.3.8=. -fstack-protector-strong -Wformat -Werror=format-security -fPIC  conftest.c -o conftest.i"
conftest.c:3:10: fatal error: sys/event.h: No such file or directory
 #include <sys/event.h>
          ^~~~~~~~~~~~~
compilation terminated.
checked program was:
/* begin */
1: #include "ruby.h"
2: 
3: #include <sys/event.h>
/* end */

--------------------

have_func: checking for epoll_create() in sys/epoll.h... -------------------- yes

"/usr/bin/gcc -o conftest -I/usr/include/x86_64-linux-gnu/ruby-2.3.0 -I/usr/include/ruby-2.3.0/ruby/backward -I/usr/include/ruby-2.3.0 -I. -I/usr/local/opt/openssl/include -I/opt/local/include -I/usr/local/include -Wdate-time -D_FORTIFY_SOURCE=2   -g -O2 -fdebug-prefix-map=/build/ruby2.3-qhROUF/ruby2.3-2.3.8=. -fstack-protector-strong -Wformat -Werror=format-security -fPIC conftest.c  -L. -L/usr/lib/x86_64-linux-gnu -L/usr/local/opt/openssl/lib -L/opt/local/lib -L/usr/local/lib -L. -Wl,-Bsymbolic-functions -Wl,-z,relro -L/build/ruby2.3-qhROUF/ruby2.3-2.3.8/debian/lib -fstack-protector -rdynamic -Wl,-export-dynamic     -lruby-2.3  -lpthread -lgmp -ldl -lcrypt -lm   -lc"
checked program was:
/* begin */
 1: #include "ruby.h"
 2: 
 3: #include <sys/epoll.h>
 4: 
 5: /*top*/
 6: extern int t(void);
 7: int main(int argc, char **argv)
 8: {
 9:   if (argc > 1000000) {
10:     printf("%p", &t);
11:   }
12: 
13:   return 0;
14: }
15: int t(void) { void ((*volatile p)()); p = (void ((*)()))epoll_create; return !p; }
/* end */

--------------------

have_func: checking for clock_gettime()... -------------------- yes

"/usr/bin/gcc -o conftest -I/usr/include/x86_64-linux-gnu/ruby-2.3.0 -I/usr/include/ruby-2.3.0/ruby/backward -I/usr/include/ruby-2.3.0 -I. -I/usr/local/opt/openssl/include -I/opt/local/include -I/usr/local/include -Wdate-time -D_FORTIFY_SOURCE=2   -g -O2 -fdebug-prefix-map=/build/ruby2.3-qhROUF/ruby2.3-2.3.8=. -fstack-protector-strong -Wformat -Werror=format-security -fPIC conftest.c  -L. -L/usr/lib/x86_64-linux-gnu -L/usr/local/opt/openssl/lib -L/opt/local/lib -L/usr/local/lib -L. -Wl,-Bsymbolic-functions -Wl,-z,relro -L/build/ruby2.3-qhROUF/ruby2.3-2.3.8/debian/lib -fstack-protector -rdynamic -Wl,-export-dynamic     -lruby-2.3  -lpthread -lgmp -ldl -lcrypt -lm   -lc"
conftest.c: In function ‘t’:
conftest.c:13:57: error: ‘clock_gettime’ undeclared (first use in this function); did you mean ‘clock_t’?
 int t(void) { void ((*volatile p)()); p = (void ((*)()))clock_gettime; return !p; }
                                                         ^~~~~~~~~~~~~
                                                         clock_t
conftest.c:13:57: note: each undeclared identifier is reported only once for each function it appears in
checked program was:
/* begin */
 1: #include "ruby.h"
 2: 
 3: /*top*/
 4: extern int t(void);
 5: int main(int argc, char **argv)
 6: {
 7:   if (argc > 1000000) {
 8:     printf("%p", &t);
 9:   }
10: 
11:   return 0;
12: }
13: int t(void) { void ((*volatile p)()); p = (void ((*)()))clock_gettime; return !p; }
/* end */

"/usr/bin/gcc -o conftest -I/usr/include/x86_64-linux-gnu/ruby-2.3.0 -I/usr/include/ruby-2.3.0/ruby/backward -I/usr/include/ruby-2.3.0 -I. -I/usr/local/opt/openssl/include -I/opt/local/include -I/usr/local/include -Wdate-time -D_FORTIFY_SOURCE=2   -g -O2 -fdebug-prefix-map=/build/ruby2.3-qhROUF/ruby2.3-2.3.8=. -fstack-protector-strong -Wformat -Werror=format-security -fPIC conftest.c  -L. -L/usr/lib/x86_64-linux-gnu -L/usr/local/opt/openssl/lib -L/opt/local/lib -L/usr/local/lib -L. -Wl,-Bsymbolic-functions -Wl,-z,relro -L/build/ruby2.3-qhROUF/ruby2.3-2.3.8/debian/lib -fstack-protector -rdynamic -Wl,-export-dynamic     -lruby-2.3  -lpthread -lgmp -ldl -lcrypt -lm   -lc"
checked program was:
/* begin */
 1: #include "ruby.h"
 2: 
 3: /*top*/
 4: extern int t(void);
 5: int main(int argc, char **argv)
 6: {
 7:   if (argc > 1000000) {
 8:     printf("%p", &t);
 9:   }
10: 
11:   return 0;
12: }
13: extern void clock_gettime();
14: int t(void) { clock_gettime(); return 0; }
/* end */

--------------------

have_const: checking for CLOCK_MONOTONIC_RAW in time.h... -------------------- yes

"/usr/bin/gcc -I/usr/include/x86_64-linux-gnu/ruby-2.3.0 -I/usr/include/ruby-2.3.0/ruby/backward -I/usr/include/ruby-2.3.0 -I. -I/usr/local/opt/openssl/include -I/opt/local/include -I/usr/local/include -Wdate-time -D_FORTIFY_SOURCE=2   -g -O2 -fdebug-prefix-map=/build/ruby2.3-qhROUF/ruby2.3-2.3.8=. -fstack-protector-strong -Wformat -Werror=format-security -fPIC   -c conftest.c"
checked program was:
/* begin */
1: #include "ruby.h"
2: 
3: #include <time.h>
4: 
5: /*top*/
6: typedef int conftest_type;
7: conftest_type conftestval = (int)CLOCK_MONOTONIC_RAW;
/* end */

--------------------

have_const: checking for CLOCK_MONOTONIC in time.h... -------------------- yes

"/usr/bin/gcc -I/usr/include/x86_64-linux-gnu/ruby-2.3.0 -I/usr/include/ruby-2.3.0/ruby/backward -I/usr/include/ruby-2.3.0 -I. -I/usr/local/opt/openssl/include -I/opt/local/include -I/usr/local/include -Wdate-time -D_FORTIFY_SOURCE=2   -g -O2 -fdebug-prefix-map=/build/ruby2.3-qhROUF/ruby2.3-2.3.8=. -fstack-protector-strong -Wformat -Werror=format-security -fPIC   -c conftest.c"
checked program was:
/* begin */
1: #include "ruby.h"
2: 
3: #include <time.h>
4: 
5: /*top*/
6: typedef int conftest_type;
7: conftest_type conftestval = (int)CLOCK_MONOTONIC;
/* end */

--------------------

"g++ -o conftest -I/usr/include/x86_64-linux-gnu/ruby-2.3.0 -I/usr/include/ruby-2.3.0/ruby/backward -I/usr/include/ruby-2.3.0 -I. -I/usr/local/opt/openssl/include -I/opt/local/include -I/usr/local/include -Wdate-time -D_FORTIFY_SOURCE=2   -g -O2 -fdebug-prefix-map=/build/ruby2.3-qhROUF/ruby2.3-2.3.8=. -fstack-protector-strong -Wformat -Werror=format-security -fPIC conftest.c  -L. -L/usr/lib/x86_64-linux-gnu -L/usr/local/opt/openssl/lib -L/opt/local/lib -L/usr/local/lib -L. -Wl,-Bsymbolic-functions -Wl,-z,relro -L/build/ruby2.3-qhROUF/ruby2.3-2.3.8/debian/lib -fstack-protector -rdynamic -Wl,-export-dynamic     -lruby-2.3 -Wall -lpthread -lgmp -ldl -lcrypt -lm   -lc"
checked program was:
/* begin */
1: #include "ruby.h"
2: 
3: int main() {return 0;}
/* end */

"g++ -o conftest -I/usr/include/x86_64-linux-gnu/ruby-2.3.0 -I/usr/include/ruby-2.3.0/ruby/backward -I/usr/include/ruby-2.3.0 -I. -I/usr/local/opt/openssl/include -I/opt/local/include -I/usr/local/include -Wdate-time -D_FORTIFY_SOURCE=2   -g -O2 -fdebug-prefix-map=/build/ruby2.3-qhROUF/ruby2.3-2.3.8=. -fstack-protector-strong -Wformat -Werror=format-security -fPIC conftest.c  -L. -L/usr/lib/x86_64-linux-gnu -L/usr/local/opt/openssl/lib -L/opt/local/lib -L/usr/local/lib -L. -Wl,-Bsymbolic-functions -Wl,-z,relro -L/build/ruby2.3-qhROUF/ruby2.3-2.3.8/debian/lib -fstack-protector -rdynamic -Wl,-export-dynamic     -lruby-2.3 -Wextra -lpthread -lgmp -ldl -lcrypt -lm   -lc"
checked program was:
/* begin */
1: #include "ruby.h"
2: 
3: int main() {return 0;}
/* end */

"g++ -o conftest -I/usr/include/x86_64-linux-gnu/ruby-2.3.0 -I/usr/include/ruby-2.3.0/ruby/backward -I/usr/include/ruby-2.3.0 -I. -I/usr/local/opt/openssl/include -I/opt/local/include -I/usr/local/include -Wdate-time -D_FORTIFY_SOURCE=2   -g -O2 -fdebug-prefix-map=/build/ruby2.3-qhROUF/ruby2.3-2.3.8=. -fstack-protector-strong -Wformat -Werror=format-security -fPIC conftest.c  -L. -L/usr/lib/x86_64-linux-gnu -L/usr/local/opt/openssl/lib -L/opt/local/lib -L/usr/local/lib -L. -Wl,-Bsymbolic-functions -Wl,-z,relro -L/build/ruby2.3-qhROUF/ruby2.3-2.3.8/debian/lib -fstack-protector -rdynamic -Wl,-export-dynamic     -lruby-2.3 -Wno-deprecated-declarations -lpthread -lgmp -ldl -lcrypt -lm   -lc"
checked program was:
/* begin */
1: #include "ruby.h"
2: 
3: int main() {return 0;}
/* end */

"g++ -o conftest -I/usr/include/x86_64-linux-gnu/ruby-2.3.0 -I/usr/include/ruby-2.3.0/ruby/backward -I/usr/include/ruby-2.3.0 -I. -I/usr/local/opt/openssl/include -I/opt/local/include -I/usr/local/include -Wdate-time -D_FORTIFY_SOURCE=2   -g -O2 -fdebug-prefix-map=/build/ruby2.3-qhROUF/ruby2.3-2.3.8=. -fstack-protector-strong -Wformat -Werror=format-security -fPIC conftest.c  -L. -L/usr/lib/x86_64-linux-gnu -L/usr/local/opt/openssl/lib -L/opt/local/lib -L/usr/local/lib -L. -Wl,-Bsymbolic-functions -Wl,-z,relro -L/build/ruby2.3-qhROUF/ruby2.3-2.3.8/debian/lib -fstack-protector -rdynamic -Wl,-export-dynamic     -lruby-2.3 -Wno-ignored-qualifiers -lpthread -lgmp -ldl -lcrypt -lm   -lc"
checked program was:
/* begin */
1: #include "ruby.h"
2: 
3: int main() {return 0;}
/* end */

"g++ -o conftest -I/usr/include/x86_64-linux-gnu/ruby-2.3.0 -I/usr/include/ruby-2.3.0/ruby/backward -I/usr/include/ruby-2.3.0 -I. -I/usr/local/opt/openssl/include -I/opt/local/include -I/usr/local/include -Wdate-time -D_FORTIFY_SOURCE=2   -g -O2 -fdebug-prefix-map=/build/ruby2.3-qhROUF/ruby2.3-2.3.8=. -fstack-protector-strong -Wformat -Werror=format-security -fPIC conftest.c  -L. -L/usr/lib/x86_64-linux-gnu -L/usr/local/opt/openssl/lib -L/opt/local/lib -L/usr/local/lib -L. -Wl,-Bsymbolic-functions -Wl,-z,relro -L/build/ruby2.3-qhROUF/ruby2.3-2.3.8/debian/lib -fstack-protector -rdynamic -Wl,-export-dynamic     -lruby-2.3 -Wno-unused-result -lpthread -lgmp -ldl -lcrypt -lm   -lc"
checked program was:
/* begin */
1: #include "ruby.h"
2: 
3: int main() {return 0;}
/* end */

"g++ -o conftest -I/usr/include/x86_64-linux-gnu/ruby-2.3.0 -I/usr/include/ruby-2.3.0/ruby/backward -I/usr/include/ruby-2.3.0 -I. -I/usr/local/opt/openssl/include -I/opt/local/include -I/usr/local/include -Wdate-time -D_FORTIFY_SOURCE=2   -g -O2 -fdebug-prefix-map=/build/ruby2.3-qhROUF/ruby2.3-2.3.8=. -fstack-protector-strong -Wformat -Werror=format-security -fPIC conftest.c  -L. -L/usr/lib/x86_64-linux-gnu -L/usr/local/opt/openssl/lib -L/opt/local/lib -L/usr/local/lib -L. -Wl,-Bsymbolic-functions -Wl,-z,relro -L/build/ruby2.3-qhROUF/ruby2.3-2.3.8/debian/lib -fstack-protector -rdynamic -Wl,-export-dynamic     -lruby-2.3 -Wno-address -lpthread -lgmp -ldl -lcrypt -lm   -lc"
checked program was:
/* begin */
1: #include "ruby.h"
2: 
3: int main() {return 0;}
/* end */

"g++ -o conftest -I/usr/include/x86_64-linux-gnu/ruby-2.3.0 -I/usr/include/ruby-2.3.0/ruby/backward -I/usr/include/ruby-2.3.0 -I. -I/usr/local/opt/openssl/include -I/opt/local/include -I/usr/local/include -Wdate-time -D_FORTIFY_SOURCE=2   -g -O2 -fdebug-prefix-map=/build/ruby2.3-qhROUF/ruby2.3-2.3.8=. -fstack-protector-strong -Wformat -Werror=format-security -fPIC conftest.c  -L. -L/usr/lib/x86_64-linux-gnu -L/usr/local/opt/openssl/lib -L/opt/local/lib -L/usr/local/lib -L. -Wl,-Bsymbolic-functions -Wl,-z,relro -L/build/ruby2.3-qhROUF/ruby2.3-2.3.8/debian/lib -fstack-protector -rdynamic -Wl,-export-dynamic     -lruby-2.3 -lstdc++ -lpthread -lgmp -ldl -lcrypt -lm   -lc"
checked program was:
/* begin */
1: #include "ruby.h"
2: 
3:   #include <utility>
4:   using namespace std;
5:   int main(){ pair<const int,int> tuple = make_pair(1,2); }
/* end */

